{"/Users/ferguslemon/Desktop/Projects/makers_projects/fairBnB/src/user.js":{"path":"/Users/ferguslemon/Desktop/Projects/makers_projects/fairBnB/src/user.js","s":{"1":1,"2":5,"3":5,"4":4,"5":5,"6":4,"7":1,"8":1,"9":1},"b":{"1":[4,1],"2":[5,4,3,2],"3":[4,1]},"f":{"1":5,"2":5,"3":1},"fnMap":{"1":{"name":"User","line":3,"loc":{"start":{"line":3,"column":0},"end":{"line":3,"column":19}}},"2":{"name":"(anonymous_2)","line":5,"loc":{"start":{"line":5,"column":28},"end":{"line":5,"column":39}}},"3":{"name":"(anonymous_3)","line":11,"loc":{"start":{"line":11,"column":21},"end":{"line":11,"column":32}}}},"statementMap":{"1":{"start":{"line":3,"column":0},"end":{"line":15,"column":1}},"2":{"start":{"line":5,"column":2},"end":{"line":7,"column":4}},"3":{"start":{"line":6,"column":4},"end":{"line":6,"column":77}},"4":{"start":{"line":6,"column":65},"end":{"line":6,"column":77}},"5":{"start":{"line":9,"column":2},"end":{"line":9,"column":108}},"6":{"start":{"line":9,"column":32},"end":{"line":9,"column":108}},"7":{"start":{"line":11,"column":2},"end":{"line":13,"column":4}},"8":{"start":{"line":12,"column":4},"end":{"line":12,"column":24}},"9":{"start":{"line":17,"column":1},"end":{"line":17,"column":23}}},"branchMap":{"1":{"line":6,"type":"if","locations":[{"start":{"line":6,"column":4},"end":{"line":6,"column":4}},{"start":{"line":6,"column":4},"end":{"line":6,"column":4}}]},"2":{"line":6,"type":"binary-expr","locations":[{"start":{"line":6,"column":7},"end":{"line":6,"column":11}},{"start":{"line":6,"column":15},"end":{"line":6,"column":28}},{"start":{"line":6,"column":32},"end":{"line":6,"column":46}},{"start":{"line":6,"column":50},"end":{"line":6,"column":63}}]},"3":{"line":9,"type":"if","locations":[{"start":{"line":9,"column":2},"end":{"line":9,"column":2}},{"start":{"line":9,"column":2},"end":{"line":9,"column":2}}]}}}}